<?xml version="1.0" encoding="UTF-8"?>
<!-- Generated by org.testng.reporters.JUnitReportReporter -->
<testsuite hostname="Pauls-MacBook-Pro.local" failures="0" tests="1" name="com.browserstack.FirstTest" time="35.893" errors="0" timestamp="2024-03-21T14:27:07 PST" skipped="0">
  <testcase classname="com.browserstack.FirstTest" name="test" time="35.893"/>
  <system-out/>
</testsuite> <!-- com.browserstack.FirstTest -->
